Log file open, 06/04/18 20:46:58
LogWindows: Failed to load 'aqProf.dll' (GetLastError=126)
LogWindows: File 'aqProf.dll' does not exist
LogWindows: Failed to load 'VtuneApi.dll' (GetLastError=126)
LogWindows: File 'VtuneApi.dll' does not exist
LogWindows: Failed to load 'VtuneApi32e.dll' (GetLastError=126)
LogWindows: File 'VtuneApi32e.dll' does not exist
LogInit: Display: Running engine for game: SkyJump
LogPlatformFile: Not using cached read wrapper
LogInit: Display: RandInit(-536123854) SRandInit(-536123854).
LogInit: Read version file with build ID '3944462'
LogInit: Overriding engine version to CL 4033788, compatible CL 3944462
LogInit: Registered custom module enumerator with build ID '3944462'
LogTaskGraph: Started task graph with 5 named threads and 23 total threads with 3 sets of task threads.
LogStats: Stats thread started at 0.276019
LogD3D11RHI: Aftermath initialized
LogICUInternationalization: Display: ICU TimeZone Detection - Raw Offset: +1:00, Platform Override: ''
LogModuleManager: Display: Found up-to-date module file ../../../Engine/Plugins/2D/Paper2D/Binaries/Win64/UE4Editor-Paper2D.dll (API version 3944462).
LogModuleManager: Display: Found up-to-date module file ../../../Engine/Plugins/2D/Paper2D/Binaries/Win64/UE4Editor-Paper2DEditor.dll (API version 3944462).
LogModuleManager: Display: Found up-to-date module file ../../../Engine/Plugins/2D/Paper2D/Binaries/Win64/UE4Editor-PaperSpriteSheetImporter.dll (API version 3944462).
LogModuleManager: Display: Found up-to-date module file ../../../Engine/Plugins/2D/Paper2D/Binaries/Win64/UE4Editor-PaperTiledImporter.dll (API version 3944462).
LogModuleManager: Display: Found up-to-date module file ../../../Engine/Plugins/2D/Paper2D/Binaries/Win64/UE4Editor-SmartSnapping.dll (API version 3944462).
LogModuleManager: Display: Found up-to-date module file ../../../Engine/Plugins/Blendables/LightPropagationVolume/Binaries/Win64/UE4Editor-LightPropagationVolumeRuntime.dll (API version 3944462).
LogModuleManager: Display: Found up-to-date module file ../../../Engine/Plugins/Blendables/LightPropagationVolume/Binaries/Win64/UE4Editor-LightPropagationVolumeEditor.dll (API version 3944462).
LogModuleManager: Display: Found up-to-date module file ../../../Engine/Plugins/Developer/CLionSourceCodeAccess/Binaries/Win64/UE4Editor-CLionSourceCodeAccess.dll (API version 3944462).
LogModuleManager: Display: Found up-to-date module file ../../../Engine/Plugins/Developer/GitSourceControl/Binaries/Win64/UE4Editor-GitSourceControl.dll (API version 3944462).
LogModuleManager: Display: Found up-to-date module file ../../../Engine/Plugins/Developer/PerforceSourceControl/Binaries/Win64/UE4Editor-PerforceSourceControl.dll (API version 3944462).
LogModuleManager: Display: Found up-to-date module file ../../../Engine/Plugins/Developer/SubversionSourceControl/Binaries/Win64/UE4Editor-SubversionSourceControl.dll (API version 3944462).
LogModuleManager: Display: Found up-to-date module file ../../../Engine/Plugins/Developer/UObjectPlugin/Binaries/Win64/UE4Editor-UObjectPlugin.dll (API version 3944462).
LogModuleManager: Display: Found up-to-date module file ../../../Engine/Plugins/Developer/VisualStudioCodeSourceCodeAccess/Binaries/Win64/UE4Editor-VisualStudioCodeSourceCodeAccess.dll (API version 3944462).
LogModuleManager: Display: Found up-to-date module file ../../../Engine/Plugins/Developer/VisualStudioSourceCodeAccess/Binaries/Win64/UE4Editor-VisualStudioSourceCodeAccess.dll (API version 3944462).
LogModuleManager: Display: Found up-to-date module file ../../../Engine/Plugins/Editor/AssetManagerEditor/Binaries/Win64/UE4Editor-AssetManagerEditor.dll (API version 3944462).
LogModuleManager: Display: Found up-to-date module file ../../../Engine/Plugins/Editor/CryptoKeys/Binaries/Win64/UE4Editor-CryptoKeys.dll (API version 3944462).
LogModuleManager: Display: Found up-to-date module file ../../../Engine/Plugins/Editor/CryptoKeys/Binaries/Win64/UE4Editor-CryptoKeysOpenSSL.dll (API version 3944462).
LogModuleManager: Display: Found up-to-date module file ../../../Engine/Plugins/Editor/DataValidation/Binaries/Win64/UE4Editor-DataValidation.dll (API version 3944462).
LogModuleManager: Display: Found up-to-date module file ../../../Engine/Plugins/Editor/FacialAnimation/Binaries/Win64/UE4Editor-FacialAnimation.dll (API version 3944462).
LogModuleManager: Display: Found up-to-date module file ../../../Engine/Plugins/Editor/FacialAnimation/Binaries/Win64/UE4Editor-FacialAnimationEditor.dll (API version 3944462).
LogModuleManager: Display: Found up-to-date module file ../../../Engine/Plugins/Editor/GameplayTagsEditor/Binaries/Win64/UE4Editor-GameplayTagsEditor.dll (API version 3944462).
LogModuleManager: Display: Found up-to-date module file ../../../Engine/Plugins/Editor/MobileLauncherProfileWizard/Binaries/Win64/UE4Editor-MobileLauncherProfileWizard.dll (API version 3944462).
LogModuleManager: Display: Found up-to-date module file ../../../Engine/Plugins/Editor/PluginBrowser/Binaries/Win64/UE4Editor-PluginBrowser.dll (API version 3944462).
LogModuleManager: Display: Found up-to-date module file ../../../Engine/Plugins/Editor/SpeedTreeImporter/Binaries/Win64/UE4Editor-SpeedTreeImporter.dll (API version 3944462).
LogModuleManager: Display: Found up-to-date module file ../../../Engine/Plugins/Enterprise/DatasmithContent/Binaries/Win64/UE4Editor-DatasmithContent.dll (API version 3944462).
LogModuleManager: Display: Found up-to-date module file ../../../Engine/Plugins/Experimental/AlembicImporter/Binaries/Win64/UE4Editor-AlembicImporter.dll (API version 3944462).
LogModuleManager: Display: Found up-to-date module file ../../../Engine/Plugins/Experimental/AlembicImporter/Binaries/Win64/UE4Editor-AlembicLibrary.dll (API version 3944462).
LogModuleManager: Display: Found up-to-date module file ../../../Engine/Plugins/Experimental/CharacterAI/Binaries/Win64/UE4Editor-CharacterAI.dll (API version 3944462).
LogModuleManager: Display: Found up-to-date module file ../../../Engine/Plugins/Experimental/HTML5Networking/Binaries/Win64/UE4Editor-HTML5Networking.dll (API version 3944462).
LogModuleManager: Display: Found up-to-date module file ../../../Engine/Plugins/Media/AndroidMedia/Binaries/Win64/UE4Editor-AndroidMediaEditor.dll (API version 3944462).
LogModuleManager: Display: Found up-to-date module file ../../../Engine/Plugins/Media/AndroidMedia/Binaries/Win64/UE4Editor-AndroidMediaFactory.dll (API version 3944462).
LogModuleManager: Display: Found up-to-date module file ../../../Engine/Plugins/Media/AvfMedia/Binaries/Win64/UE4Editor-AvfMediaEditor.dll (API version 3944462).
LogModuleManager: Display: Found up-to-date module file ../../../Engine/Plugins/Media/AvfMedia/Binaries/Win64/UE4Editor-AvfMediaFactory.dll (API version 3944462).
LogModuleManager: Display: Found up-to-date module file ../../../Engine/Plugins/Media/AvfMedia/Binaries/Win64/UE4Editor-AvfMediaFactory.dll (API version 3944462).
LogModuleManager: Display: Found up-to-date module file ../../../Engine/Plugins/Media/ImgMedia/Binaries/Win64/UE4Editor-ImgMedia.dll (API version 3944462).
LogModuleManager: Display: Found up-to-date module file ../../../Engine/Plugins/Media/ImgMedia/Binaries/Win64/UE4Editor-ImgMediaEditor.dll (API version 3944462).
LogModuleManager: Display: Found up-to-date module file ../../../Engine/Plugins/Media/ImgMedia/Binaries/Win64/UE4Editor-ImgMediaFactory.dll (API version 3944462).
LogModuleManager: Display: Found up-to-date module file ../../../Engine/Plugins/Media/ImgMedia/Binaries/Win64/UE4Editor-ImgMediaFactory.dll (API version 3944462).
LogModuleManager: Display: Found up-to-date module file ../../../Engine/Plugins/Media/ImgMedia/Binaries/Win64/UE4Editor-OpenExrWrapper.dll (API version 3944462).
LogModuleManager: Display: Found up-to-date module file ../../../Engine/Plugins/Media/LinearTimecode/Binaries/Win64/UE4Editor-LinearTimecode.dll (API version 3944462).
LogModuleManager: Display: Found up-to-date module file ../../../Engine/Plugins/Media/MediaCompositing/Binaries/Win64/UE4Editor-MediaCompositing.dll (API version 3944462).
LogModuleManager: Display: Found up-to-date module file ../../../Engine/Plugins/Media/MediaCompositing/Binaries/Win64/UE4Editor-MediaCompositingEditor.dll (API version 3944462).
LogModuleManager: Display: Found up-to-date module file ../../../Engine/Plugins/Media/MediaPlayerEditor/Binaries/Win64/UE4Editor-MediaPlayerEditor.dll (API version 3944462).
LogModuleManager: Display: Found up-to-date module file ../../../Engine/Plugins/Media/WmfMedia/Binaries/Win64/UE4Editor-WmfMedia.dll (API version 3944462).
LogModuleManager: Display: Found up-to-date module file ../../../Engine/Plugins/Media/WmfMedia/Binaries/Win64/UE4Editor-WmfMediaEditor.dll (API version 3944462).
LogModuleManager: Display: Found up-to-date module file ../../../Engine/Plugins/Media/WmfMedia/Binaries/Win64/UE4Editor-WmfMediaFactory.dll (API version 3944462).
LogModuleManager: Display: Found up-to-date module file ../../../Engine/Plugins/Media/WmfMedia/Binaries/Win64/UE4Editor-WmfMediaFactory.dll (API version 3944462).
LogModuleManager: Display: Found up-to-date module file ../../../Engine/Plugins/Messaging/TcpMessaging/Binaries/Win64/UE4Editor-TcpMessaging.dll (API version 3944462).
LogModuleManager: Display: Found up-to-date module file ../../../Engine/Plugins/Messaging/UdpMessaging/Binaries/Win64/UE4Editor-UdpMessaging.dll (API version 3944462).
LogModuleManager: Display: Found up-to-date module file ../../../Engine/Plugins/MovieScene/ActorSequence/Binaries/Win64/UE4Editor-ActorSequence.dll (API version 3944462).
LogModuleManager: Display: Found up-to-date module file ../../../Engine/Plugins/MovieScene/LevelSequenceEditor/Binaries/Win64/UE4Editor-LevelSequenceEditor.dll (API version 3944462).
LogModuleManager: Display: Found up-to-date module file ../../../Engine/Plugins/MovieScene/MatineeToLevelSequence/Binaries/Win64/UE4Editor-MatineeToLevelSequence.dll (API version 3944462).
LogModuleManager: Display: Found up-to-date module file ../../../Engine/Plugins/NetcodeUnitTest/NetcodeUnitTest/Binaries/Win64/UE4Editor-NetcodeUnitTest.dll (API version 3944462).
LogModuleManager: Display: Found up-to-date module file ../../../Engine/Plugins/NetcodeUnitTest/NUTUnrealEngine4/Binaries/Win64/UE4Editor-NUTUnrealEngine4.dll (API version 3944462).
LogModuleManager: Display: Found up-to-date module file ../../../Engine/Plugins/Online/OnlineSubsystem/Binaries/Win64/UE4Editor-OnlineSubsystem.dll (API version 3944462).
LogModuleManager: Display: Found up-to-date module file ../../../Engine/Plugins/Runtime/AndroidPermission/Binaries/Win64/UE4Editor-AndroidPermission.dll (API version 3944462).
LogModuleManager: Display: Found up-to-date module file ../../../Engine/Plugins/Online/OnlineSubsystemNull/Binaries/Win64/UE4Editor-OnlineSubsystemNull.dll (API version 3944462).
LogModuleManager: Display: Found up-to-date module file ../../../Engine/Plugins/Online/OnlineSubsystemUtils/Binaries/Win64/UE4Editor-OnlineSubsystemUtils.dll (API version 3944462).
LogModuleManager: Display: Found up-to-date module file ../../../Engine/Plugins/Online/OnlineSubsystemUtils/Binaries/Win64/UE4Editor-OnlineBlueprintSupport.dll (API version 3944462).
LogModuleManager: Display: Found up-to-date module file ../../../Engine/Plugins/Runtime/AndroidDeviceProfileSelector/Binaries/Win64/UE4Editor-AndroidDeviceProfileSelector.dll (API version 3944462).
LogModuleManager: Display: Found up-to-date module file ../../../Engine/Plugins/Runtime/AppleARKit/Binaries/Win64/UE4Editor-AppleARKit.dll (API version 3944462).
LogModuleManager: Display: Found up-to-date module file ../../../Engine/Plugins/Runtime/ProceduralMeshComponent/Binaries/Win64/UE4Editor-ProceduralMeshComponent.dll (API version 3944462).
LogModuleManager: Display: Found up-to-date module file ../../../Engine/Plugins/Runtime/ProceduralMeshComponent/Binaries/Win64/UE4Editor-ProceduralMeshComponentEditor.dll (API version 3944462).
LogModuleManager: Display: Found up-to-date module file ../../../Engine/Plugins/Animation/LiveLink/Binaries/Win64/UE4Editor-LiveLink.dll (API version 3944462).
LogModuleManager: Display: Found up-to-date module file ../../../Engine/Plugins/Animation/LiveLink/Binaries/Win64/UE4Editor-LiveLinkEditor.dll (API version 3944462).
LogModuleManager: Display: Found up-to-date module file ../../../Engine/Plugins/Runtime/ArchVisCharacter/Binaries/Win64/UE4Editor-ArchVisCharacter.dll (API version 3944462).
LogModuleManager: Display: Found up-to-date module file ../../../Engine/Plugins/Runtime/AudioCapture/Binaries/Win64/UE4Editor-AudioCapture.dll (API version 3944462).
LogModuleManager: Display: Found up-to-date module file ../../../Engine/Plugins/Runtime/AudioCapture/Binaries/Win64/UE4Editor-AudioCaptureEditor.dll (API version 3944462).
LogModuleManager: Display: Found up-to-date module file ../../../Engine/Plugins/Runtime/CableComponent/Binaries/Win64/UE4Editor-CableComponent.dll (API version 3944462).
LogModuleManager: Display: Found up-to-date module file ../../../Engine/Plugins/Runtime/CustomMeshComponent/Binaries/Win64/UE4Editor-CustomMeshComponent.dll (API version 3944462).
LogModuleManager: Display: Found up-to-date module file ../../../Engine/Plugins/Runtime/ExampleDeviceProfileSelector/Binaries/Win64/UE4Editor-ExampleDeviceProfileSelector.dll (API version 3944462).
LogModuleManager: Display: Found up-to-date module file ../../../Engine/Plugins/Runtime/ImmediatePhysics/Binaries/Win64/UE4Editor-ImmediatePhysics.dll (API version 3944462).
LogModuleManager: Display: Found up-to-date module file ../../../Engine/Plugins/Runtime/ImmediatePhysics/Binaries/Win64/UE4Editor-ImmediatePhysicsEditor.dll (API version 3944462).
LogModuleManager: Display: Found up-to-date module file ../../../Engine/Plugins/Runtime/LocationServicesBPLibrary/Binaries/Win64/UE4Editor-LocationServicesBPLibrary.dll (API version 3944462).
LogModuleManager: Display: Found up-to-date module file ../../../Engine/Plugins/Runtime/MobilePatchingUtils/Binaries/Win64/UE4Editor-MobilePatchingUtils.dll (API version 3944462).
LogModuleManager: Display: Found up-to-date module file ../../../Engine/Plugins/Runtime/Oculus/OculusVR/Binaries/Win64/UE4Editor-OculusHMD.dll (API version 3944462).
LogModuleManager: Display: Found up-to-date module file ../../../Engine/Plugins/Runtime/Oculus/OculusVR/Binaries/Win64/UE4Editor-OculusInput.dll (API version 3944462).
LogModuleManager: Display: Found up-to-date module file ../../../Engine/Plugins/Runtime/Oculus/OculusVR/Binaries/Win64/UE4Editor-OculusEditor.dll (API version 3944462).
LogModuleManager: Display: Found up-to-date module file ../../../Engine/Plugins/Runtime/PhysXVehicles/Binaries/Win64/UE4Editor-PhysXVehicles.dll (API version 3944462).
LogModuleManager: Display: Found up-to-date module file ../../../Engine/Plugins/Runtime/PhysXVehicles/Binaries/Win64/UE4Editor-PhysXVehiclesEditor.dll (API version 3944462).
LogModuleManager: Display: Found up-to-date module file ../../../Engine/Plugins/Runtime/RuntimePhysXCooking/Binaries/Win64/UE4Editor-RuntimePhysXCooking.dll (API version 3944462).
LogModuleManager: Display: Found up-to-date module file ../../../Engine/Plugins/Runtime/Steam/SteamVR/Binaries/Win64/UE4Editor-SteamVR.dll (API version 3944462).
LogModuleManager: Display: Found up-to-date module file ../../../Engine/Plugins/Runtime/Steam/SteamVR/Binaries/Win64/UE4Editor-SteamVRController.dll (API version 3944462).
LogModuleManager: Display: Found up-to-date module file ../../../Engine/Plugins/Runtime/WindowsMoviePlayer/Binaries/Win64/UE4Editor-WindowsMoviePlayer.dll (API version 3944462).
LogPluginManager: Mounting plugin Paper2D
LogPluginManager: Mounting plugin LiveLink
LogPluginManager: Mounting plugin LightPropagationVolume
LogPluginManager: Mounting plugin CLionSourceCodeAccess
LogPluginManager: Mounting plugin CodeLiteSourceCodeAccess
LogPluginManager: Mounting plugin GitSourceControl
LogPluginManager: Mounting plugin KDevelopSourceCodeAccess
LogPluginManager: Mounting plugin NullSourceCodeAccess
LogPluginManager: Mounting plugin PerforceSourceControl
LogPluginManager: Mounting plugin SubversionSourceControl
LogPluginManager: Mounting plugin UObjectPlugin
LogPluginManager: Mounting plugin VisualStudioCodeSourceCodeAccess
LogPluginManager: Mounting plugin VisualStudioSourceCodeAccess
LogPluginManager: Mounting plugin XCodeSourceCodeAccess
LogPluginManager: Mounting plugin AssetManagerEditor
LogPluginManager: Mounting plugin CryptoKeys
LogPluginManager: Mounting plugin DataValidation
LogPluginManager: Mounting plugin FacialAnimation
LogPluginManager: Mounting plugin GameplayTagsEditor
LogPluginManager: Mounting plugin MobileLauncherProfileWizard
LogPluginManager: Mounting plugin PluginBrowser
LogPluginManager: Mounting plugin SpeedTreeImporter
LogPluginManager: Mounting plugin DatasmithContent
LogPluginManager: Mounting plugin AlembicImporter
LogPluginManager: Mounting plugin CharacterAI
LogPluginManager: Mounting plugin HTML5Networking
LogPluginManager: Mounting plugin AndroidMedia
LogPluginManager: Mounting plugin AvfMedia
LogPluginManager: Mounting plugin ImgMedia
LogPluginManager: Mounting plugin LinearTimecode
LogPluginManager: Mounting plugin MediaCompositing
LogPluginManager: Mounting plugin MediaPlayerEditor
LogPluginManager: Mounting plugin WmfMedia
LogPluginManager: Mounting plugin TcpMessaging
LogPluginManager: Mounting plugin UdpMessaging
LogPluginManager: Mounting plugin ActorSequence
LogPluginManager: Mounting plugin LevelSequenceEditor
LogPluginManager: Mounting plugin MatineeToLevelSequence
LogPluginManager: Mounting plugin NetcodeUnitTest
LogPluginManager: Mounting plugin NUTUnrealEngine4
LogPluginManager: Mounting plugin OnlineSubsystemGooglePlay
LogPluginManager: Mounting plugin OnlineSubsystemIOS
LogPluginManager: Mounting plugin OnlineSubsystem
LogPluginManager: Mounting plugin OnlineSubsystemNull
LogPluginManager: Mounting plugin OnlineSubsystemUtils
LogPluginManager: Mounting plugin AndroidDeviceProfileSelector
LogPluginManager: Mounting plugin AndroidMoviePlayer
LogPluginManager: Mounting plugin AndroidPermission
LogPluginManager: Mounting plugin AppleARKit
LogPluginManager: Mounting plugin AppleMoviePlayer
LogPluginManager: Mounting plugin ArchVisCharacter
LogPluginManager: Mounting plugin AudioCapture
LogPluginManager: Mounting plugin CableComponent
LogPluginManager: Mounting plugin CustomMeshComponent
LogPluginManager: Mounting plugin ExampleDeviceProfileSelector
LogPluginManager: Mounting plugin GoogleCloudMessaging
LogPluginManager: Mounting plugin ImmediatePhysics
LogPluginManager: Mounting plugin IOSDeviceProfileSelector
LogPluginManager: Mounting plugin LinuxDeviceProfileSelector
LogPluginManager: Mounting plugin LocationServicesBPLibrary
LogPluginManager: Mounting plugin MobilePatchingUtils
LogPluginManager: Mounting plugin OculusVR
LogPluginManager: Plugin shader directory ../../../Engine/Plugins/Runtime/Oculus/OculusVR/Shaders found
LogPluginManager: Mapping shader source directory ../../../Engine/Plugins/Runtime/Oculus/OculusVR/Shaders to virtual directory /Plugin/OculusVR
LogPluginManager: Mounting plugin PhysXVehicles
LogPluginManager: Mounting plugin ProceduralMeshComponent
LogPluginManager: Mounting plugin RuntimePhysXCooking
LogPluginManager: Mounting plugin SteamVR
LogPluginManager: Mounting plugin WindowsMoviePlayer
LogStreaming: Display: Took  0.760s to configure plugins.
LogInit: Using libcurl 7.47.1
LogInit:  - built for x86_64-pc-win32
LogInit:  - supports SSL with OpenSSL/1.0.2g
LogInit:  - supports HTTP deflate (compression) using libz 1.2.8
LogInit:  - other features:
LogInit:      CURL_VERSION_SSL
LogInit:      CURL_VERSION_LIBZ
LogInit:      CURL_VERSION_IPV6
LogInit:      CURL_VERSION_ASYNCHDNS
LogInit:      CURL_VERSION_LARGEFILE
LogInit:      CURL_VERSION_IDN
LogInit:  CurlRequestOptions (configurable via config and command line):
LogInit:  - bVerifyPeer = false  - Libcurl will NOT verify peer certificate
LogInit:  - bUseHttpProxy = false  - Libcurl will NOT use HTTP proxy
LogInit:  - bDontReuseConnections = false  - Libcurl will reuse connections
LogInit:  - CertBundlePath = nullptr  - Libcurl will use whatever was configured at build time.
LogInit:  - MaxHostConnections = 16  - Libcurl will limit the number of connections to a host
LogInit:  - LocalHostAddr = Default
LogInit: WinSock: version 1.1 (2.2), MaxSocks=32767, MaxUdp=65467
LogInit: WinSock: I am DESKTOP-QCHBH7F (192.168.100.10:0)
LogInit: Build: ++UE4+Release-4.19-CL-4033788
LogInit: Engine Version: 4.19.2-4033788+++UE4+Release-4.19
LogInit: Compatible Engine Version: 4.19.0-3944462+++UE4+Release-4.19
LogInit: Net CL: 3944462
LogDevObjectVersion: Number of dev versions registered: 18
LogDevObjectVersion:   Dev-Blueprints (B0D832E4-1F89-4F0D-ACCF-7EB736FD4AA2): 10
LogDevObjectVersion:   Dev-Build (E1C64328-A22C-4D53-A36C-8E866417BD8C): 0
LogDevObjectVersion:   Dev-Core (375EC13C-06E4-48FB-B500-84F0262A717E): 2
LogDevObjectVersion:   Dev-Editor (E4B068ED-F494-42E9-A231-DA0B2E46BB41): 23
LogDevObjectVersion:   Dev-Framework (CFFC743F-43B0-4480-9391-14DF171D2073): 33
LogDevObjectVersion:   Dev-Mobile (B02B49B5-BB20-44E9-A304-32B752E40360): 2
LogDevObjectVersion:   Dev-Networking (A4E4105C-59A1-49B5-A7C5-40C4547EDFEE): 0
LogDevObjectVersion:   Dev-Online (39C831C9-5AE6-47DC-9A44-9C173E1C8E7C): 0
LogDevObjectVersion:   Dev-Physics (78F01B33-EBEA-4F98-B9B4-84EACCB95AA2): 0
LogDevObjectVersion:   Dev-Platform (6631380F-2D4D-43E0-8009-CF276956A95A): 0
LogDevObjectVersion:   Dev-Rendering (12F88B9F-8875-4AFC-A67C-D90C383ABD29): 25
LogDevObjectVersion:   Dev-Sequencer (7B5AE74C-D270-4C10-A958-57980B212A5A): 6
LogDevObjectVersion:   Dev-VR (D7296918-1DD6-4BDD-9DE2-64A83CC13884): 1
LogDevObjectVersion:   Dev-LoadTimes (C2A15278-BFE7-4AFE-6C17-90FF531DF755): 1
LogDevObjectVersion:   Private-Geometry (6EACA3D4-40EC-4CC1-B786-8BED09428FC5): 2
LogDevObjectVersion:   Dev-AnimPhys (29E575DD-E0A3-4627-9D10-D276232CDCEA): 16
LogDevObjectVersion:   Dev-ReflectionCapture (6B266CEC-1EC7-4B8F-A30B-E4D90942FC07): 1
LogDevObjectVersion:   Dev-Automation (0DF73D61-A23F-47EA-B727-89E90C41499A): 1
LogInit: Compiled (64-bit): Apr 27 2018 02:06:57
LogInit: Compiled with Visual C++: 19.00.24215.01
LogInit: Build Configuration: Development
LogInit: Branch Name: ++UE4+Release-4.19
LogInit: Command Line:  /Game/Levels/TestLevel -game -PIEVIACONSOLE -ResX=1280 -ResY=720  -Multiprocess -messaging -SessionName="Play in Standalone Game" -featureleveles2 -faketouches -windowed 
LogInit: Base Directory: C:/Programy/UnrealEngine4/UE_4.19/Engine/Binaries/Win64/
LogInit: Installed Engine Build: 1
LogStreaming: Display: Took  0.000s to delete old logs.
LogInit: Presizing for max 8388607 objects, including 0 objects not considered by GC, pre-allocating 0 bytes for permanent pool.
LogInit: Object subsystem initialized
[2018.06.04-18.46.59:552][  0]LogInit: Selected Device Profile: [Windows]
[2018.06.04-18.46.59:552][  0]LogInit: Applying CVar settings loaded from the selected device profile: [Windows]
[2018.06.04-18.46.59:556][  0]LogInit: Computer: DESKTOP-QCHBH7F
[2018.06.04-18.46.59:556][  0]LogInit: User: kamil
[2018.06.04-18.46.59:556][  0]LogInit: CPU Page size=4096, Cores=4
[2018.06.04-18.46.59:556][  0]LogInit: High frequency timer resolution =2.742191 MHz
[2018.06.04-18.46.59:557][  0]LogMemory: Memory total: Physical=32.0GB (32GB approx)
[2018.06.04-18.46.59:557][  0]LogMemory: Platform Memory Stats for Windows
[2018.06.04-18.46.59:557][  0]LogMemory: Process Physical Memory: 277.43 MB used, 277.43 MB peak
[2018.06.04-18.46.59:557][  0]LogMemory: Process Virtual Memory: 264.86 MB used, 264.86 MB peak
[2018.06.04-18.46.59:557][  0]LogMemory: Physical Memory: 7476.03 MB used,  25248.91 MB free, 32724.94 MB total
[2018.06.04-18.46.59:557][  0]LogMemory: Virtual Memory: 4794.66 MB used,  25248.91 MB free, 134217728.00 MB total
[2018.06.04-18.46.59:577][  0]LogInit: Using OS detected language (pl-PL).
[2018.06.04-18.46.59:577][  0]LogInit: Using OS detected locale (pl-PL).
[2018.06.04-18.46.59:577][  0]LogTextLocalizationManager: No localization for 'pl-PL' exists, so 'en' will be used for the language.
[2018.06.04-18.46.59:577][  0]LogTextLocalizationManager: No localization for 'pl-PL' exists, so 'en' will be used for the locale.
[2018.06.04-18.47.00:017][  0]LogStreaming: Display: Took  0.441s to EndInitTextLocalization.
[2018.06.04-18.47.00:066][  0]LogSlate: New Slate User Created.  User Index 0, Is Virtual User: 0
[2018.06.04-18.47.00:066][  0]LogSlate: Slate User Registered.  User Index 0, Is Virtual User: 0
[2018.06.04-18.47.00:096][  0]LogD3D11RHI: D3D11 adapters:
[2018.06.04-18.47.00:159][  0]LogD3D11RHI:    0. 'NVIDIA GeForce GTX 1070' (Feature Level 11_0)
[2018.06.04-18.47.00:159][  0]LogD3D11RHI:       8081/0/16362 MB DedicatedVideo/DedicatedSystem/SharedSystem, Outputs:3, VendorId:0x10de
[2018.06.04-18.47.00:163][  0]LogD3D11RHI:    1. 'Microsoft Basic Render Driver' (Feature Level 11_0)
[2018.06.04-18.47.00:163][  0]LogD3D11RHI:       0/0/16362 MB DedicatedVideo/DedicatedSystem/SharedSystem, Outputs:0, VendorId:0x1414
[2018.06.04-18.47.00:163][  0]LogD3D11RHI: Chosen D3D11 Adapter: 0
[2018.06.04-18.47.00:170][  0]LogD3D11RHI: Creating new Direct3DDevice
[2018.06.04-18.47.00:170][  0]LogD3D11RHI:     GPU DeviceId: 0x1be1 (for the marketing name, search the web for "GPU Device Id")
[2018.06.04-18.47.00:170][  0]LogWindows: EnumDisplayDevices:
[2018.06.04-18.47.00:170][  0]LogWindows:    0. 'NVIDIA GeForce GTX 1070' (P:1 D:1)
[2018.06.04-18.47.00:170][  0]LogWindows:    1. 'NVIDIA GeForce GTX 1070' (P:0 D:1)
[2018.06.04-18.47.00:170][  0]LogWindows:    2. 'NVIDIA GeForce GTX 1070' (P:0 D:1)
[2018.06.04-18.47.00:171][  0]LogWindows:    3. 'NVIDIA GeForce GTX 1070' (P:0 D:0)
[2018.06.04-18.47.00:171][  0]LogWindows: DebugString: GetVideoDriverDetailsInvalid PrimaryIsNotTheChoosenAdapter GetVideoDriverDetailsInvalid PrimaryIsNotTheChoosenAdapter GetVideoDriverDetailsInvalid PrimaryIsNotTheChoosenAdapter GetVideoDriverDetailsInvalid PrimaryIsNotTheChoosenAdapter FoundDriverCount:0 
[2018.06.04-18.47.00:171][  0]LogD3D11RHI:     Adapter Name: NVIDIA GeForce GTX 1070
[2018.06.04-18.47.00:171][  0]LogD3D11RHI:   Driver Version: Unknown (internal:Unknown, unified:Unknown)
[2018.06.04-18.47.00:171][  0]LogD3D11RHI:      Driver Date: Unknown
[2018.06.04-18.47.00:171][  0]LogRHI: Texture pool is 5656 MB (70% of 8081 MB)
[2018.06.04-18.47.00:213][  0]LogD3D11RHI: [Aftermath] Aftermath enabled and primed
[2018.06.04-18.47.00:213][  0]LogD3D11RHI: [Aftermath] Aftermath enabled and primed
[2018.06.04-18.47.00:213][  0]LogD3D11RHI: Async texture creation enabled
[2018.06.04-18.47.00:237][  0]LogD3D11RHI: GPU Timing Frequency: 1000.000000 (Debug: 2 2)
[2018.06.04-18.47.00:374][  0]LogShaderCompilers: Guid format shader working directory is 19 characters bigger than the processId version (D:/Programy/GitHub/SkyJump/Intermediate/Shaders/WorkingDirectory/35548/).
[2018.06.04-18.47.00:374][  0]LogShaderCompilers: Cleaned the shader compiler working directory 'C:/Users/kamil/AppData/Local/Temp/UnrealShaderWorkingDir/706640A34B163C8871CAB7B031B687A8/'.
[2018.06.04-18.47.00:575][  0]LogTemp: Display: Loaded TP WindowsClientTargetPlatform
[2018.06.04-18.47.00:590][  0]LogTemp: Display: Loaded TP WindowsNoEditorTargetPlatform
[2018.06.04-18.47.00:605][  0]LogTemp: Display: Loaded TP WindowsServerTargetPlatform
[2018.06.04-18.47.00:613][  0]LogTemp: Display: Loaded TP WindowsTargetPlatform
[2018.06.04-18.47.00:613][  0]LogTargetPlatformManager: Display: Building Assets For Windows
[2018.06.04-18.47.00:718][  0]LogShaderCompilers: Display: Using XGE Shader Compiler (Interception Interface).
[2018.06.04-18.47.01:353][  0]LogDerivedDataCache: Display: Max Cache Size: 512 MB
[2018.06.04-18.47.01:416][  0]LogDerivedDataCache: Loaded boot cache 0.06s 74MB C:/Users/kamil/AppData/Local/UnrealEngine/4.19/DerivedDataCache/Boot.ddc.
[2018.06.04-18.47.01:416][  0]LogDerivedDataCache: Display: Loaded Boot cache: C:/Users/kamil/AppData/Local/UnrealEngine/4.19/DerivedDataCache/Boot.ddc
[2018.06.04-18.47.01:416][  0]LogDerivedDataCache: FDerivedDataBackendGraph:  Pak pak cache file D:/Programy/GitHub/SkyJump/DerivedDataCache/DDC.ddp not found, will not use a pak cache.
[2018.06.04-18.47.01:416][  0]LogDerivedDataCache: Unable to find inner node Pak for hierarchical cache Hierarchy.
[2018.06.04-18.47.01:417][  0]LogDerivedDataCache: FDerivedDataBackendGraph:  CompressedPak pak cache file D:/Programy/GitHub/SkyJump/DerivedDataCache/Compressed.ddp not found, will not use a pak cache.
[2018.06.04-18.47.01:417][  0]LogDerivedDataCache: Unable to find inner node CompressedPak for hierarchical cache Hierarchy.
[2018.06.04-18.47.01:433][  0]LogDerivedDataCache: Display: Pak cache opened for reading ../../../Engine/DerivedDataCache/Compressed.ddp.
[2018.06.04-18.47.01:446][  0]LogDerivedDataCache: Using Local data cache path C:/Users/kamil/AppData/Local/UnrealEngine/Common/DerivedDataCache: Writable
[2018.06.04-18.47.01:446][  0]LogDerivedDataCache: Shared data cache path not found in *engine.ini, will not use an Shared cache.
[2018.06.04-18.47.01:446][  0]LogDerivedDataCache: Unable to find inner node Shared for hierarchical cache Hierarchy.
[2018.06.04-18.47.01:450][  0]LogMaterial: Verifying Global Shaders for PCD3D_ES2
[2018.06.04-18.47.01:451][  0]LogSlate: Using Freetype 2.6.0
[2018.06.04-18.47.01:451][  0]LogSlate: SlateFontCache - WITH_FREETYPE: 1, WITH_HARFBUZZ: 1
[2018.06.04-18.47.01:451][  0]LogSlate: SlateFontCache - WITH_FREETYPE: 1, WITH_HARFBUZZ: 1
[2018.06.04-18.47.01:545][  0]LogAssetRegistry: FAssetRegistry took 0.0047 seconds to start up
[2018.06.04-18.47.01:762][  0]LogPackageLocalizationCache: Processed 9 localized package path(s) for 1 prioritized culture(s) in 0.013516 seconds
[2018.06.04-18.47.01:865][  0]LogInit: Selected Device Profile: [Windows]
[2018.06.04-18.47.01:990][  0]LogSimplygon: Simplygon DLL not present - disabling.
[2018.06.04-18.47.01:993][  0]LogMeshReduction: Using SimplygonSwarm for distributed automatic mesh merging
[2018.06.04-18.47.01:993][  0]LogMeshReduction: Using QuadricMeshReduction for automatic static mesh reduction
[2018.06.04-18.47.01:993][  0]LogMeshReduction: No automatic skeletal mesh reduction module available
[2018.06.04-18.47.01:993][  0]LogMeshReduction: No automatic mesh merging module available
[2018.06.04-18.47.01:993][  0]LogMeshMerging: No automatic mesh merging module available
[2018.06.04-18.47.02:041][  0]LogNetVersion: SkyJump , NetCL: 3944462, EngineNetVer: 2, GameNetVer: 0 (Checksum: 2435135797)
[2018.06.04-18.47.02:273][  0]LogMaterial: Missing cached shader map for material FloorPlaneMaterial, compiling. 
[2018.06.04-18.47.02:422][  0]LogMaterial: Missing cached shader map for material LandscapeGizmo_Mat, compiling. 
[2018.06.04-18.47.02:444][  0]LogMaterial: Missing cached shader map for material LandscapeGizmoHeight_Mat, compiling. 
[2018.06.04-18.47.02:483][  0]LogMaterial: Missing cached shader map for material SplineEditorMeshMat, compiling. 
[2018.06.04-18.47.02:498][  0]LogMaterial: Missing cached shader map for material ARKitCameraMaterial, compiling. 
[2018.06.04-18.47.02:514][  0]LogMaterial: Missing cached shader map for material GearVRControllerMaterial, compiling. 
[2018.06.04-18.47.02:699][  0]LogMaterial: Missing cached shader map for material ArrowMaterial, compiling. 
[2018.06.04-18.47.02:713][  0]LogMaterial: Missing cached shader map for material LaserPointerMaterial, compiling. 
[2018.06.04-18.47.02:724][  0]LogMaterial: Missing cached shader map for material VivePreControllerMaterial, compiling. 
[2018.06.04-18.47.02:738][  0]LogMaterial: Missing cached shader map for material OculusControllerMaterial, compiling. 
[2018.06.04-18.47.02:751][  0]LogMaterial: Missing cached shader map for material TeleportDirectionMaterial, compiling. 
[2018.06.04-18.47.02:771][  0]LogMaterial: Missing cached shader map for material VRTextMaterial, compiling. 
[2018.06.04-18.47.02:778][  0]LogMaterial: Missing cached shader map for material GridPostProcess, compiling. 
[2018.06.04-18.47.02:782][  0]LogMaterial: Missing cached shader map for material LaserPointerMaterial, compiling. 
[2018.06.04-18.47.02:791][  0]LogMaterial: Missing cached shader map for material GridMaterial, compiling. 
[2018.06.04-18.47.02:810][  0]LogMaterial: Missing cached shader map for material GenericHMDMaterial, compiling. 
[2018.06.04-18.47.02:825][  0]LogMaterial: Missing cached shader map for material FlattenHeightMat, compiling. 
[2018.06.04-18.47.02:833][  0]LogMaterial: Missing cached shader map for material M_ContentWindow, compiling. 
[2018.06.04-18.47.02:849][  0]LogMaterial: Missing cached shader map for material KeyDiskMaterial, compiling. 
[2018.06.04-18.47.02:857][  0]LogMaterial: Missing cached shader map for material LineMaterial, compiling. 
[2018.06.04-18.47.02:867][  0]LogMaterial: Missing cached shader map for material VRTextMaterial, compiling. 
[2018.06.04-18.47.02:956][  0]LogMoviePlayer: Initializing movie player
[2018.06.04-18.47.03:088][  0]LogMaterial: Missing cached shader map for material DefaultSpriteMaterial, compiling. 
[2018.06.04-18.47.03:093][  0]LogMaterial: Missing cached shader map for material DefaultSpriteMaterial, compiling. 
[2018.06.04-18.47.03:221][  0]LogTcpMessaging: Initializing TcpMessaging bridge
[2018.06.04-18.47.03:246][  0]LogUdpMessaging: Initializing bridge on interface 0.0.0.0:0 to multicast group 230.0.0.1:6666.
[2018.06.04-18.47.03:386][  0]LogMaterial: Missing cached shader map for material DefaultMaterial, compiling. 
[2018.06.04-18.47.03:510][  0]SourceControl: Source control is disabled
[2018.06.04-18.47.03:510][  0]SourceControl: Source control is disabled
[2018.06.04-18.47.03:525][  0]SourceControl: Source control is disabled
[2018.06.04-18.47.03:773][  0]LogMaterial: Missing cached shader map for material DefaultMediaPlaneMaterial, compiling. 
[2018.06.04-18.47.03:842][  0]LogAndroidPermission: UAndroidPermissionCallbackProxy::GetInstance
[2018.06.04-18.47.03:983][  0]LogOcInput: OculusInput pre-init called
[2018.06.04-18.47.04:017][  0]LogUObjectArray: 40124 objects as part of root set at end of initial load.
[2018.06.04-18.47.04:017][  0]LogUObjectAllocator: 8364208 out of 0 bytes used by permanent object pool.
[2018.06.04-18.47.04:017][  0]LogUObjectArray: CloseDisregardForGC: 0/0 objects in disregard for GC pool
[2018.06.04-18.47.04:040][  0]LogMaterial: Missing cached shader map for material HighResScreenshot, compiling. 
[2018.06.04-18.47.04:046][  0]LogMaterial: Missing cached shader map for material HighResScreenshotMask, compiling. 
[2018.06.04-18.47.04:056][  0]LogMaterial: Missing cached shader map for material HighResScreenshotCaptureRegion, compiling. 
[2018.06.04-18.47.04:078][  0]LogEngine: Initializing Engine...
[2018.06.04-18.47.04:080][  0]LogHMD: Failed to initialize OpenVR with code 110
[2018.06.04-18.47.04:093][  0]LogStats: UGameplayTagsManager::ConstructGameplayTagTree: Construct from data asset -  0.000 s
[2018.06.04-18.47.04:093][  0]LogStats: UGameplayTagsManager::ConstructGameplayTagTree: GameplayTagTreeChangedEvent.Broadcast -  0.000 s
[2018.06.04-18.47.04:095][  0]LogMaterial: Missing cached shader map for material WireframeMaterial, compiling. Is special engine material.
[2018.06.04-18.47.04:128][  0]LogMaterial: Missing cached shader map for material LevelColorationLitMaterial, compiling. Is special engine material.
[2018.06.04-18.47.04:269][  0]LogMaterial: Missing cached shader map for material LevelColorationUnlitMaterial, compiling. Is special engine material.
[2018.06.04-18.47.04:295][  0]LogMaterial: Missing cached shader map for material MAT_LevelColorationLitLightmapUV, compiling. Is special engine material.
[2018.06.04-18.47.04:444][  0]LogMaterial: Missing cached shader map for material ShadedLevelColorationLitMaterial, compiling. Is special engine material.
[2018.06.04-18.47.04:587][  0]LogMaterial: Missing cached shader map for material ShadedLevelColorationUnlitMateri, compiling. Is special engine material.
[2018.06.04-18.47.04:612][  0]LogMaterial: Missing cached shader map for material VertexColorMaterial, compiling. 
[2018.06.04-18.47.04:651][  0]LogMaterial: Missing cached shader map for material VertexColorViewMode_ColorOnly, compiling. 
[2018.06.04-18.47.04:659][  0]LogMaterial: Missing cached shader map for material VertexColorViewMode_AlphaAsColor, compiling. 
[2018.06.04-18.47.04:666][  0]LogMaterial: Missing cached shader map for material VertexColorViewMode_RedOnly, compiling. 
[2018.06.04-18.47.04:672][  0]LogMaterial: Missing cached shader map for material VertexColorViewMode_GreenOnly, compiling. 
[2018.06.04-18.47.04:680][  0]LogMaterial: Missing cached shader map for material VertexColorViewMode_BlueOnly, compiling. 
[2018.06.04-18.47.04:687][  0]LogMaterial: Missing cached shader map for material RemoveSurfaceMaterial, compiling. 
[2018.06.04-18.47.04:691][  0]LogMaterial: Missing cached shader map for material DebugMeshMaterial, compiling. 
[2018.06.04-18.47.04:699][  0]LogMaterial: Missing cached shader map for material M_InvalidLightmapSettings, compiling. 
[2018.06.04-18.47.04:723][  0]LogMaterial: Missing cached shader map for material GizmoMaterial, compiling. 
[2018.06.04-18.47.04:730][  0]LogMaterial: Missing cached shader map for material PhAT_JointLimitMaterial, compiling. 
[2018.06.04-18.47.04:809][  0]LogInit: XAudio2 using 'Speakers (Realtek High Definition Audio)' : 2 channels at 48 kHz using 32 bits per sample (channel mask 0x3)
[2018.06.04-18.47.04:864][  0]LogInit: FAudioDevice initialized.
[2018.06.04-18.47.04:880][  0]LogInit: Texture streaming: Enabled
[2018.06.04-18.47.04:882][  0]LogMaterial: Missing cached shader map for material BaseColor, compiling. 
[2018.06.04-18.47.04:886][  0]LogMaterial: Missing cached shader map for material CustomDepth, compiling. 
[2018.06.04-18.47.04:898][  0]LogMaterial: Missing cached shader map for material CustomStencil, compiling. 
[2018.06.04-18.47.04:903][  0]LogMaterial: Missing cached shader map for material FinalImage, compiling. 
[2018.06.04-18.47.04:907][  0]LogMaterial: Missing cached shader map for material LightingModel, compiling. 
[2018.06.04-18.47.04:912][  0]LogMaterial: Missing cached shader map for material MaterialAO, compiling. 
[2018.06.04-18.47.04:924][  0]LogMaterial: Missing cached shader map for material Metallic, compiling. 
[2018.06.04-18.47.04:929][  0]LogMaterial: Missing cached shader map for material Opacity, compiling. 
[2018.06.04-18.47.04:934][  0]LogMaterial: Missing cached shader map for material Roughness, compiling. 
[2018.06.04-18.47.04:939][  0]LogMaterial: Missing cached shader map for material SceneColor, compiling. 
[2018.06.04-18.47.04:944][  0]LogMaterial: Missing cached shader map for material SceneDepth, compiling. 
[2018.06.04-18.47.04:949][  0]LogMaterial: Missing cached shader map for material SeparateTranslucencyRGB, compiling. 
[2018.06.04-18.47.04:954][  0]LogMaterial: Missing cached shader map for material SeparateTranslucencyA, compiling. 
[2018.06.04-18.47.04:958][  0]LogMaterial: Missing cached shader map for material Specular, compiling. 
[2018.06.04-18.47.04:964][  0]LogMaterial: Missing cached shader map for material SubsurfaceColor, compiling. 
[2018.06.04-18.47.04:968][  0]LogMaterial: Missing cached shader map for material WorldNormal, compiling. 
[2018.06.04-18.47.04:973][  0]LogMaterial: Missing cached shader map for material AmbientOcclusion, compiling. 
[2018.06.04-18.47.04:981][  0]LogMaterial: Missing cached shader map for material CustomDepthWorldUnits, compiling. 
[2018.06.04-18.47.04:986][  0]LogMaterial: Missing cached shader map for material SceneDepthWorldUnits, compiling. 
[2018.06.04-18.47.04:991][  0]LogMaterial: Missing cached shader map for material PreTonemapHDRColor, compiling. 
[2018.06.04-18.47.04:997][  0]LogMaterial: Missing cached shader map for material PostTonemapHDRColor, compiling. 
[2018.06.04-18.47.05:034][  0]LogInit: Display: Game Engine Initialized.
[2018.06.04-18.47.05:034][  0]LogGameplayTags: Display: UGameplayTagsManager::DoneAddingNativeTags. DelegateIsBound: 0
[2018.06.04-18.47.05:034][  0]LogStats: UGameplayTagsManager::ConstructGameplayTagTree: Construct from data asset -  0.000 s
[2018.06.04-18.47.05:034][  0]LogStats: UGameplayTagsManager::ConstructGameplayTagTree: GameplayTagTreeChangedEvent.Broadcast -  0.000 s
[2018.06.04-18.47.05:121][  0]LogInit: Display: Starting Game.
[2018.06.04-18.47.05:121][  0]LogNet: Browse: /Game/Levels/TestLevel?Name=Player
[2018.06.04-18.47.05:121][  0]LogLoad: LoadMap: /Game/Levels/TestLevel?Name=Player
[2018.06.04-18.47.05:138][  0]LogUObjectGlobals: Created PersistentFrame Addr=0x00000262b4507ea8, Size=4, Default__GameModeInGame_C Function /Game/Blueprints/Gamemodes/GameModeInGame.GameModeInGame_C:ExecuteUbergraph_GameModeInGame
[2018.06.04-18.47.05:140][  0]LogUObjectGlobals: Created PersistentFrame Addr=0x00000262aed2dd80, Size=192, Default__ObjectPad_C Function /Game/Blueprints/Objects/ObjectPad.ObjectPad_C:ExecuteUbergraph_ObjectPad
[2018.06.04-18.47.05:165][  0]LogUObjectGlobals: Destroyed PersistentFrame Addr=0x00000262aed2dd80, Size=192
[2018.06.04-18.47.05:165][  0]LogUObjectGlobals: Created PersistentFrame Addr=0x00000262aed2dd80, Size=192, Default__ObjectPad_C Function /Engine/Transient.REINST_ObjectPad_C_2:ExecuteUbergraph_ObjectPad
[2018.06.04-18.47.05:167][  0]LogUObjectGlobals: Destroyed PersistentFrame Addr=0x00000262b4507ea8, Size=4
[2018.06.04-18.47.05:167][  0]LogUObjectGlobals: Created PersistentFrame Addr=0x00000262b4507ea8, Size=4, Default__GameModeInGame_C Function /Engine/Transient.REINST_GameModeInGame_C_3:ExecuteUbergraph_GameModeInGame
[2018.06.04-18.47.05:174][  0]LogUObjectGlobals: Created PersistentFrame Addr=0x00000262a88ff880, Size=192, Default__ObjectPad_C Function /Game/Blueprints/Objects/ObjectPad.ObjectPad_C:ExecuteUbergraph_ObjectPad
[2018.06.04-18.47.05:175][  0]LogUObjectGlobals: Created PersistentFrame Addr=0x00000262b45066f8, Size=4, Default__GameModeInGame_C Function /Game/Blueprints/Gamemodes/GameModeInGame.GameModeInGame_C:ExecuteUbergraph_GameModeInGame
[2018.06.04-18.47.05:184][  0]LogMaterial: Missing cached shader map for material palette, compiling. 
[2018.06.04-18.47.05:211][  0]LogAIModule: Creating AISystem for world TestLevel
[2018.06.04-18.47.05:211][  0]LogLoad: Game class is 'GameModeInGame_C'
[2018.06.04-18.47.05:213][  0]LogWorld: Bringing World /Game/Levels/TestLevel.TestLevel up for play (max tick rate 0) at 2018.06.04-20.47.05
[2018.06.04-18.47.05:213][  0]LogWorld: Bringing up level for play took: 0.000787
[2018.06.04-18.47.05:213][  0]LogGameMode: FindPlayerStart: PATHS NOT DEFINED or NO PLAYERSTART with positive rating
[2018.06.04-18.47.05:224][  0]LogBlueprintUserMessages: [GameModeInGame_C_0] Koniec renderowania siatki
[2018.06.04-18.47.05:225][  0]LogLoad: Took 0.103185 seconds to LoadMap(/Game/Levels/TestLevel)
[2018.06.04-18.47.05:363][  0]LogRenderer: Reallocating scene render targets to support 1280x720 Format 10 NumSamples 1 (Frame:1).
[2018.06.04-18.47.05:363][  0]LogLoad: (Engine Initialization) Total time: 7.69 seconds
[2018.06.04-18.47.05:363][  0]LogLoad: (Engine Initialization) Total Blueprint compile time: 0.00 seconds
[2018.06.04-18.47.05:380][  0]LogWindowsTextInputMethodSystem: Display: IME system now deactivated.
[2018.06.04-18.47.05:383][  0]LogContentStreaming: Texture pool size now 1000 MB
[2018.06.04-18.48.06:484][788]LogUObjectGlobals: Destroyed PersistentFrame Addr=0x00000262b4507ea8, Size=4
[2018.06.04-18.48.06:484][788]LogUObjectGlobals: Destroyed PersistentFrame Addr=0x00000262aed2dd80, Size=192
